<component name="libraryTable">
  <library name="junit">
    <CLASSES>
      <root url="jar://$APPLICATION_HOME_DIR$/lib/junit.jar!/" />
    </CLASSES>
    <JAVADOC />
    <SOURCES />
    <jarDirectory url="jar://$APPLICATION_HOME_DIR$/lib/junit.jar!/" recursive="false" />
  </library>
</component>